#-----------------------------------------------------------
# Vivado v2018.2 (64-bit)
# SW Build 2258646 on Thu Jun 14 20:03:12 MDT 2018
# IP Build 2256618 on Thu Jun 14 22:10:49 MDT 2018
# Start of session at: Fri Jan  7 16:00:44 2022
# Process ID: 13992
# Current directory: C:/Users/86199/lenet5_3
# Command line: vivado.exe -gui_launcher_event rodinguilauncherevent17884 C:\Users\86199\lenet5_3\lenet5_3.xpr
# Log file: C:/Users/86199/lenet5_3/vivado.log
# Journal file: C:/Users/86199/lenet5_3\vivado.jou
#-----------------------------------------------------------
start_gui
open_project C:/Users/86199/lenet5_3/lenet5_3.xpr
Scanning sources...
Finished scanning sources
INFO: [IP_Flow 19-234] Refreshing IP repositories
INFO: [IP_Flow 19-1704] No user IP repositories specified
INFO: [IP_Flow 19-2313] Loaded Vivado IP repository 'D:/Vivado/Vivado/2018.2/data/ip'.
update_compile_order -fileset sources_1
INFO: [Device 21-403] Loading part xc7a100tcsg324-1
WARNING: [IP_Flow 19-4067] Ignoring invalid widget type speINFO: [Common 17-206] Exiting Vivado at Fri Jan  7 16:01:20 2022...
] Ignoring invalid widget type specified checkbox.Providing a default widget
WARNING: [IP_Flow 19-4067] Ignoring invalid widget type specified checkbox.Providing a default widget
WARNING: [IP_Flow 19-4067] Ignoring invalid widget type specified checkbox.Providing a default widget
WARNING: [IP_Flow 19-4067] Ignoring invalid widget type specified checkbox.Providing a default widget
WARNING: [IP_Flow 19-4067] Ignoring invalid widget type specified checkbox.Providing a default widget
exit
INFO: [Common 17-206] Exiting Vivado at Fri Jan  7 16:02:43 2022...
